================ 2018-12-26 14:09:34.286000 ================
Healthy
	Building the data...
	Done.

	Fitting the model...
	Done.

	Checking performance with out of sample data...
	Done.

Bipolar
	Building the data...
	Done.

	Fitting the model...
	Done.

	Checking performance with out of sample data...
	Done.

Borderline
	Building the data...
	Done.

	Fitting the model...
	Done.

	Checking performance with out of sample data...
	Done.

###########
  Results  
###########


Healthy
-------
          Accuracy   MAE
Anxious      98.0%  0.41
Elated       91.0%  0.53
Sad          94.0%  0.42
Angry        95.0%  0.35
Irritable    95.0%  0.41
Energetic    89.0%   0.7


Bipolar
-------
          Accuracy   MAE
Anxious      81.0%  0.89
Elated       86.0%  0.77
Sad          83.0%  0.87
Angry        87.0%   0.7
Irritable    80.0%  0.92
Energetic    84.0%  0.86


Borderline
----------
          Accuracy   MAE
Anxious      63.0%  1.32
Elated       70.0%  1.21
Sad          70.0%  1.15
Angry        77.0%   1.0
Irritable    77.0%  1.09
Energetic    70.0%  1.07
============================================================

